{"uuid":"07c6cb27-4400-47e5-95a7-d2aec1d49e2e","historyId":"9d09f4a19e36a11569aa88e19483bdaa","testCaseId":"75e8165cec93700b43c167a74f539b3b","fullName":"src/test/resources/featureFiles/LoginFrom21Step.feature:21","labels":[{"name":"tag","value":"Loginb"},{"name":"host","value":"LAPTOP-P2QE43U4"},{"name":"thread","value":"44240@LAPTOP-P2QE43U4.main(1)"},{"name":"feature","value":"Verify login with bgd"},{"name":"story","value":"Validate login credentials with null Adminname # TC#21"},{"name":"suite","value":"Verify login with bgd"},{"name":"testClass","value":"Validate login credentials with null Adminname # TC#21"},{"name":"framework","value":"cucumber4jvm"},{"name":"language","value":"java"},{"name":"gherkin_uri","value":"file:///C:/Users/bhara/eclipse-workspace/LMS/src/test/resources/featureFiles/LoginFrom21Step.feature"},{"name":"package","value":"src.test.resources.featureFiles.LoginFrom21Step_feature.Verify login with bgd"}],"links":[],"name":"Validate login credentials with null Adminname # TC#21","status":"failed","statusDetails":{"known":false,"muted":false,"flaky":false,"message":"expected [true] but found [false]","trace":"java.lang.AssertionError: expected [true] but found [false]\r\n\tat org.testng.Assert.fail(Assert.java:111)\r\n\tat org.testng.Assert.failNotEquals(Assert.java:1578)\r\n\tat org.testng.Assert.assertTrue(Assert.java:57)\r\n\tat org.testng.Assert.assertTrue(Assert.java:67)\r\n\tat stepDefinition.LoginWithBkgrd.error_message_admin_pwd(LoginWithBkgrd.java:48)\r\n\tat ✽.Error message please check Adminname/password(file:///C:/Users/bhara/eclipse-workspace/LMS/src/test/resources/featureFiles/LoginFrom21Step.feature:24)\r\n"},"stage":"finished","steps":[{"name":"Given Admin launch the browser","status":"passed","statusDetails":{"known":false,"muted":false,"flaky":false},"stage":"finished","steps":[],"attachments":[],"parameters":[],"start":1730069106787,"stop":1730069108540},{"name":"stepDefinition.Hooks.AddScreenShot(io.cucumber.java.Scenario)","status":"passed","statusDetails":{"known":false,"muted":false,"flaky":false},"stage":"finished","steps":[],"attachments":[],"parameters":[],"start":1730069108542,"stop":1730069108542},{"name":"When Admin gives the correct LMS portal URL","status":"passed","statusDetails":{"known":false,"muted":false,"flaky":false},"stage":"finished","steps":[],"attachments":[],"parameters":[],"start":1730069108543,"stop":1730069109800},{"name":"stepDefinition.Hooks.AddScreenShot(io.cucumber.java.Scenario)","status":"passed","statusDetails":{"known":false,"muted":false,"flaky":false},"stage":"finished","steps":[],"attachments":[],"parameters":[],"start":1730069109801,"stop":1730069109801},{"name":"Given Admin is in login Page","status":"passed","statusDetails":{"known":false,"muted":false,"flaky":false},"stage":"finished","steps":[],"attachments":[],"parameters":[],"start":1730069109801,"stop":1730069109810},{"name":"stepDefinition.Hooks.AddScreenShot(io.cucumber.java.Scenario)","status":"passed","statusDetails":{"known":false,"muted":false,"flaky":false},"stage":"finished","steps":[],"attachments":[],"parameters":[],"start":1730069109810,"stop":1730069109811},{"name":"When Admin enter value only in password and clicks login button","status":"passed","statusDetails":{"known":false,"muted":false,"flaky":false},"stage":"finished","steps":[],"attachments":[],"parameters":[],"start":1730069109811,"stop":1730069110161},{"name":"stepDefinition.Hooks.AddScreenShot(io.cucumber.java.Scenario)","status":"passed","statusDetails":{"known":false,"muted":false,"flaky":false},"stage":"finished","steps":[],"attachments":[],"parameters":[],"start":1730069110162,"stop":1730069110162},{"name":"Then Error message please check Adminname/password","status":"failed","statusDetails":{"known":false,"muted":false,"flaky":false,"message":"expected [true] but found [false]","trace":"java.lang.AssertionError: expected [true] but found [false]\r\n\tat org.testng.Assert.fail(Assert.java:111)\r\n\tat org.testng.Assert.failNotEquals(Assert.java:1578)\r\n\tat org.testng.Assert.assertTrue(Assert.java:57)\r\n\tat org.testng.Assert.assertTrue(Assert.java:67)\r\n\tat stepDefinition.LoginWithBkgrd.error_message_admin_pwd(LoginWithBkgrd.java:48)\r\n\tat ✽.Error message please check Adminname/password(file:///C:/Users/bhara/eclipse-workspace/LMS/src/test/resources/featureFiles/LoginFrom21Step.feature:24)\r\n"},"stage":"finished","steps":[],"attachments":[],"parameters":[],"start":1730069110162,"stop":1730069115189},{"name":"stepDefinition.Hooks.AddScreenShot(io.cucumber.java.Scenario)","status":"passed","statusDetails":{"known":false,"muted":false,"flaky":false},"stage":"finished","steps":[],"attachments":[{"name":"image","source":"888cb21b-8d26-449b-8804-a6b08b7b141c-attachment","type":"image/png"}],"parameters":[],"start":1730069115189,"stop":1730069115385}],"attachments":[],"parameters":[],"start":1730069106786,"stop":1730069115809}