{"uuid":"16ef2ddf-dd83-4de2-8e72-8d24ddf8ae84","historyId":"18aad2ca7d547974d4dc65e39e8a59bc","testCaseId":"49942f63c756689c26e5d6132a85133e","fullName":"src/test/resources/featureFiles/LoginFrom21Step.feature:27","labels":[{"name":"tag","value":"Loginb"},{"name":"host","value":"LAPTOP-P2QE43U4"},{"name":"thread","value":"44240@LAPTOP-P2QE43U4.main(1)"},{"name":"feature","value":"Verify login with bgd"},{"name":"story","value":"Validate login credentials with null password # TC#22"},{"name":"suite","value":"Verify login with bgd"},{"name":"testClass","value":"Validate login credentials with null password # TC#22"},{"name":"framework","value":"cucumber4jvm"},{"name":"language","value":"java"},{"name":"gherkin_uri","value":"file:///C:/Users/bhara/eclipse-workspace/LMS/src/test/resources/featureFiles/LoginFrom21Step.feature"},{"name":"package","value":"src.test.resources.featureFiles.LoginFrom21Step_feature.Verify login with bgd"}],"links":[],"name":"Validate login credentials with null password # TC#22","status":"failed","statusDetails":{"known":false,"muted":false,"flaky":false,"message":"expected [true] but found [false]","trace":"java.lang.AssertionError: expected [true] but found [false]\r\n\tat org.testng.Assert.fail(Assert.java:111)\r\n\tat org.testng.Assert.failNotEquals(Assert.java:1578)\r\n\tat org.testng.Assert.assertTrue(Assert.java:57)\r\n\tat org.testng.Assert.assertTrue(Assert.java:67)\r\n\tat stepDefinition.LoginWithBkgrd.error_message_admin_pwd(LoginWithBkgrd.java:48)\r\n\tat ✽.Error message please check Adminname/password(file:///C:/Users/bhara/eclipse-workspace/LMS/src/test/resources/featureFiles/LoginFrom21Step.feature:30)\r\n"},"stage":"finished","steps":[{"name":"Given Admin launch the browser","status":"passed","statusDetails":{"known":false,"muted":false,"flaky":false},"stage":"finished","steps":[],"attachments":[],"parameters":[],"start":1730069115824,"stop":1730069117713},{"name":"stepDefinition.Hooks.AddScreenShot(io.cucumber.java.Scenario)","status":"passed","statusDetails":{"known":false,"muted":false,"flaky":false},"stage":"finished","steps":[],"attachments":[],"parameters":[],"start":1730069117714,"stop":1730069117715},{"name":"When Admin gives the correct LMS portal URL","status":"passed","statusDetails":{"known":false,"muted":false,"flaky":false},"stage":"finished","steps":[],"attachments":[],"parameters":[],"start":1730069117715,"stop":1730069117966},{"name":"stepDefinition.Hooks.AddScreenShot(io.cucumber.java.Scenario)","status":"passed","statusDetails":{"known":false,"muted":false,"flaky":false},"stage":"finished","steps":[],"attachments":[],"parameters":[],"start":1730069117967,"stop":1730069117968},{"name":"Given Admin is in login Page","status":"passed","statusDetails":{"known":false,"muted":false,"flaky":false},"stage":"finished","steps":[],"attachments":[],"parameters":[],"start":1730069117968,"stop":1730069119057},{"name":"stepDefinition.Hooks.AddScreenShot(io.cucumber.java.Scenario)","status":"passed","statusDetails":{"known":false,"muted":false,"flaky":false},"stage":"finished","steps":[],"attachments":[],"parameters":[],"start":1730069119057,"stop":1730069119057},{"name":"When Admin enter value only in Adminname and clicks login button","status":"passed","statusDetails":{"known":false,"muted":false,"flaky":false},"stage":"finished","steps":[],"attachments":[],"parameters":[],"start":1730069119057,"stop":1730069119343},{"name":"stepDefinition.Hooks.AddScreenShot(io.cucumber.java.Scenario)","status":"passed","statusDetails":{"known":false,"muted":false,"flaky":false},"stage":"finished","steps":[],"attachments":[],"parameters":[],"start":1730069119344,"stop":1730069119344},{"name":"Then Error message please check Adminname/password","status":"failed","statusDetails":{"known":false,"muted":false,"flaky":false,"message":"expected [true] but found [false]","trace":"java.lang.AssertionError: expected [true] but found [false]\r\n\tat org.testng.Assert.fail(Assert.java:111)\r\n\tat org.testng.Assert.failNotEquals(Assert.java:1578)\r\n\tat org.testng.Assert.assertTrue(Assert.java:57)\r\n\tat org.testng.Assert.assertTrue(Assert.java:67)\r\n\tat stepDefinition.LoginWithBkgrd.error_message_admin_pwd(LoginWithBkgrd.java:48)\r\n\tat ✽.Error message please check Adminname/password(file:///C:/Users/bhara/eclipse-workspace/LMS/src/test/resources/featureFiles/LoginFrom21Step.feature:30)\r\n"},"stage":"finished","steps":[],"attachments":[],"parameters":[],"start":1730069119344,"stop":1730069124387},{"name":"stepDefinition.Hooks.AddScreenShot(io.cucumber.java.Scenario)","status":"passed","statusDetails":{"known":false,"muted":false,"flaky":false},"stage":"finished","steps":[],"attachments":[{"name":"image","source":"d1503ed7-adcf-4fbc-99ce-0a92188f5d2a-attachment","type":"image/png"}],"parameters":[],"start":1730069124387,"stop":1730069124582}],"attachments":[],"parameters":[],"start":1730069115824,"stop":1730069125007}