<?xml version="1.0" encoding="UTF-8"?>
<!-- Generated by org.testng.reporters.JUnitReportReporter -->
<testsuite hostname="LAPTOP-P2QE43U4" failures="5" tests="39" name="testRunner.testExecution" time="203.434" errors="0" timestamp="2024-10-27T17:45:51 CDT" skipped="0">
  <testcase classname="testRunner.testExecution" name="runScenario" time="5.592"/>
  <testcase classname="testRunner.testExecution" name="runScenario" time="6.411"/>
  <testcase classname="testRunner.testExecution" name="runScenario" time="5.867"/>
  <testcase classname="testRunner.testExecution" name="runScenario" time="3.402"/>
  <testcase classname="testRunner.testExecution" name="runScenario" time="3.846"/>
  <testcase classname="testRunner.testExecution" name="runScenario" time="4.642"/>
  <testcase classname="testRunner.testExecution" name="runScenario" time="4.282"/>
  <testcase classname="testRunner.testExecution" name="runScenario" time="3.861">
    <failure message="expected [true] but found [false]" type="java.lang.AssertionError">
      <![CDATA[java.lang.AssertionError: expected [true] but found [false]
at org.testng.Assert.fail(Assert.java:111)
at org.testng.Assert.failNotEquals(Assert.java:1578)
at org.testng.Assert.assertTrue(Assert.java:57)
at org.testng.Assert.assertTrue(Assert.java:67)
at stepDefinition.LoginStepDefination.admin_should_see_field_mandatory_asterik_symbol_next_to_admin_text(LoginStepDefination.java:121)
at ✽.Admin should see field mandatory asterik symbol next to Admin text(file:///C:/Users/bhara/eclipse-workspace/LMS/src/test/resources/featureFiles/Login.feature:72)
]]>
    </failure>
  </testcase> <!-- runScenario -->
  <testcase classname="testRunner.testExecution" name="runScenario" time="4.417"/>
  <testcase classname="testRunner.testExecution" name="runScenario" time="9.032">
    <failure message="expected [true] but found [false]" type="java.lang.AssertionError">
      <![CDATA[java.lang.AssertionError: expected [true] but found [false]
at org.testng.Assert.fail(Assert.java:111)
at org.testng.Assert.failNotEquals(Assert.java:1578)
at org.testng.Assert.assertTrue(Assert.java:57)
at org.testng.Assert.assertTrue(Assert.java:67)
at stepDefinition.LoginWithBkgrd.error_message_admin_pwd(LoginWithBkgrd.java:48)
at ✽.Error message please check Adminname/password(file:///C:/Users/bhara/eclipse-workspace/LMS/src/test/resources/featureFiles/LoginFrom21Step.feature:24)
]]>
    </failure>
  </testcase> <!-- runScenario -->
  <testcase classname="testRunner.testExecution" name="runScenario" time="2.678"/>
  <testcase classname="testRunner.testExecution" name="runScenario" time="4.750"/>
  <testcase classname="testRunner.testExecution" name="runScenario" time="9.200">
    <failure message="expected [true] but found [false]" type="java.lang.AssertionError">
      <![CDATA[java.lang.AssertionError: expected [true] but found [false]
at org.testng.Assert.fail(Assert.java:111)
at org.testng.Assert.failNotEquals(Assert.java:1578)
at org.testng.Assert.assertTrue(Assert.java:57)
at org.testng.Assert.assertTrue(Assert.java:67)
at stepDefinition.LoginWithBkgrd.error_message_admin_pwd(LoginWithBkgrd.java:48)
at ✽.Error message please check Adminname/password(file:///C:/Users/bhara/eclipse-workspace/LMS/src/test/resources/featureFiles/LoginFrom21Step.feature:30)
]]>
    </failure>
  </testcase> <!-- runScenario -->
  <testcase classname="testRunner.testExecution" name="runScenario" time="3.456"/>
  <testcase classname="testRunner.testExecution" name="runScenario" time="3.379"/>
  <testcase classname="testRunner.testExecution" name="runScenario" time="3.275"/>
  <testcase classname="testRunner.testExecution" name="runScenario" time="14.999"/>
  <testcase classname="testRunner.testExecution" name="runScenario" time="3.556"/>
  <testcase classname="testRunner.testExecution" name="runScenario" time="4.363"/>
  <testcase classname="testRunner.testExecution" name="runScenario" time="3.609"/>
  <testcase classname="testRunner.testExecution" name="runScenario" time="4.126"/>
  <testcase classname="testRunner.testExecution" name="runScenario" time="5.509"/>
  <testcase classname="testRunner.testExecution" name="runScenario" time="4.052"/>
  <testcase classname="testRunner.testExecution" name="runScenario" time="4.023"/>
  <testcase classname="testRunner.testExecution" name="runScenario" time="6.473">
    <failure message="expected [Home] but found [Program]" type="java.lang.AssertionError">
      <![CDATA[java.lang.AssertionError: expected [Home] but found [Program]
at org.testng.Assert.fail(Assert.java:111)
at org.testng.Assert.failNotEquals(Assert.java:1578)
at org.testng.Assert.assertEqualsImpl(Assert.java:150)
at org.testng.Assert.assertEquals(Assert.java:132)
at org.testng.Assert.assertEquals(Assert.java:656)
at org.testng.Assert.assertEquals(Assert.java:666)
at stepDefinition.DashStepDefination.admin_should_see_home_in_the_1st_place(DashStepDefination.java:82)
at ✽.Admin should see Home in the 1st place(file:///C:/Users/bhara/eclipse-workspace/LMS/src/test/resources/featureFiles/Dashboard.feature:59)
]]>
    </failure>
  </testcase> <!-- runScenario -->
  <testcase classname="testRunner.testExecution" name="runScenario" time="3.489"/>
  <testcase classname="testRunner.testExecution" name="runScenario" time="6.204"/>
  <testcase classname="testRunner.testExecution" name="runScenario" time="4.891"/>
  <testcase classname="testRunner.testExecution" name="runScenario" time="5.112"/>
  <testcase classname="testRunner.testExecution" name="runScenario" time="3.874"/>
  <testcase classname="testRunner.testExecution" name="runScenario" time="3.601"/>
  <testcase classname="testRunner.testExecution" name="runScenario" time="3.424"/>
  <testcase classname="testRunner.testExecution" name="runScenario" time="8.187">
    <failure message="Test failed, Expected exception error" type="java.lang.AssertionError">
      <![CDATA[java.lang.AssertionError: Test failed, Expected exception error
at stepDefinition.LogoutStepDefination.admin_should_receive_error_message(LogoutStepDefination.java:63)
at ✽.Admin should receive error message(file:///C:/Users/bhara/eclipse-workspace/LMS/src/test/resources/featureFiles/Logout2.feature:8)
]]>
    </failure>
  </testcase> <!-- runScenario -->
  <testcase classname="testRunner.testExecution" name="runScenario" time="8.153"/>
  <testcase classname="testRunner.testExecution" name="runScenario" time="6.065"/>
  <testcase classname="testRunner.testExecution" name="runScenario" time="7.694"/>
  <testcase classname="testRunner.testExecution" name="runScenario" time="3.985"/>
  <testcase classname="testRunner.testExecution" name="runScenario" time="5.480"/>
  <testcase classname="testRunner.testExecution" name="runScenario" time="4.475"/>
</testsuite> <!-- testRunner.testExecution -->
